[0.252s] DEBUG:colcon:Command line arguments: ['/usr/bin/colcon', 'build', '--symlink-install']
[0.252s] DEBUG:colcon:Parsed command line arguments: Namespace(allow_overriding=[], ament_cmake_args=None, base_paths=['.'], build_base='build', catkin_cmake_args=None, catkin_skip_building_tests=False, cmake_args=None, cmake_clean_cache=False, cmake_clean_first=False, cmake_force_configure=False, cmake_target=None, cmake_target_skip_unavailable=False, continue_on_error=False, event_handlers=None, executor='parallel', ignore_user_meta=False, install_base='install', log_base=None, log_level=None, main=<bound method BuildVerb.main of <colcon_core.verb.build.BuildVerb object at 0x7f28524b6730>>, merge_install=False, metas=['./colcon.meta'], packages_above=None, packages_above_and_dependencies=None, packages_above_depth=None, packages_end=None, packages_ignore=None, packages_ignore_regex=None, packages_select=None, packages_select_build_failed=False, packages_select_by_dep=None, packages_select_regex=None, packages_select_test_failures=False, packages_skip=None, packages_skip_build_finished=False, packages_skip_by_dep=None, packages_skip_regex=None, packages_skip_test_passed=False, packages_skip_up_to=None, packages_start=None, packages_up_to=None, packages_up_to_regex=None, parallel_workers=4, paths=None, symlink_install=True, test_result_base=None, verb_extension=<colcon_core.verb.build.BuildVerb object at 0x7f28524b6730>, verb_name='build', verb_parser=<colcon_defaults.argument_parser.defaults.DefaultArgumentsDecorator object at 0x7f28524b6ca0>)
[0.451s] Level 1:colcon.colcon_core.package_discovery:discover_packages(colcon_meta) check parameters
[0.451s] Level 1:colcon.colcon_core.package_discovery:discover_packages(recursive) check parameters
[0.451s] Level 1:colcon.colcon_core.package_discovery:discover_packages(ignore) check parameters
[0.451s] Level 1:colcon.colcon_core.package_discovery:discover_packages(path) check parameters
[0.451s] Level 1:colcon.colcon_core.package_discovery:discover_packages(colcon_meta) discover
[0.452s] Level 1:colcon.colcon_core.package_discovery:discover_packages(recursive) discover
[0.452s] INFO:colcon.colcon_core.package_discovery:Crawling recursively for packages in '/home/pat/code/ohad_ros/dev_ws/src/ohad'
[0.452s] Level 1:colcon.colcon_core.package_identification:_identify(.) by extensions ['ignore', 'ignore_ament_install']
[0.452s] Level 1:colcon.colcon_core.package_identification:_identify(.) by extension 'ignore'
[0.452s] Level 1:colcon.colcon_core.package_identification:_identify(.) by extension 'ignore_ament_install'
[0.452s] Level 1:colcon.colcon_core.package_identification:_identify(.) by extensions ['colcon_pkg']
[0.452s] Level 1:colcon.colcon_core.package_identification:_identify(.) by extension 'colcon_pkg'
[0.452s] Level 1:colcon.colcon_core.package_identification:_identify(.) by extensions ['colcon_meta']
[0.452s] Level 1:colcon.colcon_core.package_identification:_identify(.) by extension 'colcon_meta'
[0.452s] Level 1:colcon.colcon_core.package_identification:_identify(.) by extensions ['ros']
[0.452s] Level 1:colcon.colcon_core.package_identification:_identify(.) by extension 'ros'
[0.468s] DEBUG:colcon.colcon_core.package_identification:Package '.' with type 'ros.ament_cmake' and name 'ohad'
[0.468s] Level 1:colcon.colcon_core.package_discovery:discover_packages(recursive) using defaults
[0.468s] Level 1:colcon.colcon_core.package_discovery:discover_packages(ignore) discover
[0.468s] Level 1:colcon.colcon_core.package_discovery:discover_packages(ignore) using defaults
[0.468s] Level 1:colcon.colcon_core.package_discovery:discover_packages(path) discover
[0.468s] Level 1:colcon.colcon_core.package_discovery:discover_packages(path) using defaults
[0.488s] Level 1:colcon.colcon_core.package_discovery:discover_packages(prefix_path) check parameters
[0.488s] Level 1:colcon.colcon_core.package_discovery:discover_packages(prefix_path) discover
[0.491s] DEBUG:colcon.colcon_installed_package_information.package_discovery:Found 2 installed packages in /home/pat/code/ohad_ros/dev_ws/install
[0.493s] DEBUG:colcon.colcon_installed_package_information.package_discovery:Found 347 installed packages in /opt/ros/foxy
[0.495s] Level 1:colcon.colcon_core.package_discovery:discover_packages(prefix_path) using defaults
[0.599s] Level 5:colcon.colcon_core.verb:set package 'ohad' build argument 'cmake_args' from command line to 'None'
[0.599s] Level 5:colcon.colcon_core.verb:set package 'ohad' build argument 'cmake_target' from command line to 'None'
[0.600s] Level 5:colcon.colcon_core.verb:set package 'ohad' build argument 'cmake_target_skip_unavailable' from command line to 'False'
[0.600s] Level 5:colcon.colcon_core.verb:set package 'ohad' build argument 'cmake_clean_cache' from command line to 'False'
[0.600s] Level 5:colcon.colcon_core.verb:set package 'ohad' build argument 'cmake_clean_first' from command line to 'False'
[0.600s] Level 5:colcon.colcon_core.verb:set package 'ohad' build argument 'cmake_force_configure' from command line to 'False'
[0.600s] Level 5:colcon.colcon_core.verb:set package 'ohad' build argument 'ament_cmake_args' from command line to 'None'
[0.600s] Level 5:colcon.colcon_core.verb:set package 'ohad' build argument 'catkin_cmake_args' from command line to 'None'
[0.600s] Level 5:colcon.colcon_core.verb:set package 'ohad' build argument 'catkin_skip_building_tests' from command line to 'False'
[0.600s] DEBUG:colcon.colcon_core.verb:Building package 'ohad' with the following arguments: {'ament_cmake_args': None, 'build_base': '/home/pat/code/ohad_ros/dev_ws/src/ohad/build/ohad', 'catkin_cmake_args': None, 'catkin_skip_building_tests': False, 'cmake_args': None, 'cmake_clean_cache': False, 'cmake_clean_first': False, 'cmake_force_configure': False, 'cmake_target': None, 'cmake_target_skip_unavailable': False, 'install_base': '/home/pat/code/ohad_ros/dev_ws/src/ohad/install/ohad', 'merge_install': False, 'path': '/home/pat/code/ohad_ros/dev_ws/src/ohad', 'symlink_install': True, 'test_result_base': None}
[0.600s] INFO:colcon.colcon_core.executor:Executing jobs using 'parallel' executor
[0.601s] DEBUG:colcon.colcon_parallel_executor.executor.parallel:run_until_complete
[0.602s] INFO:colcon.colcon_ros.task.ament_cmake.build:Building ROS package in '/home/pat/code/ohad_ros/dev_ws/src/ohad' with build type 'ament_cmake'
[0.602s] INFO:colcon.colcon_cmake.task.cmake.build:Building CMake package in '/home/pat/code/ohad_ros/dev_ws/src/ohad'
[0.604s] INFO:colcon.colcon_core.plugin_system:Skipping extension 'colcon_core.shell.bat': Not used on non-Windows systems
[0.605s] INFO:colcon.colcon_core.shell:Skip shell extension 'powershell' for command environment: Not usable outside of PowerShell
[0.605s] DEBUG:colcon.colcon_core.shell:Skip shell extension 'dsv' for command environment
[0.615s] DEBUG:colcon.colcon_core.event_handler.log_command:Invoking command in '/home/pat/code/ohad_ros/dev_ws/src/ohad/build/ohad': CMAKE_PREFIX_PATH=${CMAKE_PREFIX_PATH}:/opt/ros/foxy /usr/bin/cmake /home/pat/code/ohad_ros/dev_ws/src/ohad -DAMENT_CMAKE_SYMLINK_INSTALL=1 -DCMAKE_INSTALL_PREFIX=/home/pat/code/ohad_ros/dev_ws/src/ohad/install/ohad
[1.889s] DEBUG:colcon.colcon_core.event_handler.log_command:Invoked command in '/home/pat/code/ohad_ros/dev_ws/src/ohad/build/ohad' returned '0': CMAKE_PREFIX_PATH=${CMAKE_PREFIX_PATH}:/opt/ros/foxy /usr/bin/cmake /home/pat/code/ohad_ros/dev_ws/src/ohad -DAMENT_CMAKE_SYMLINK_INSTALL=1 -DCMAKE_INSTALL_PREFIX=/home/pat/code/ohad_ros/dev_ws/src/ohad/install/ohad
[1.892s] DEBUG:colcon.colcon_core.event_handler.log_command:Invoking command in '/home/pat/code/ohad_ros/dev_ws/src/ohad/build/ohad': CMAKE_PREFIX_PATH=${CMAKE_PREFIX_PATH}:/opt/ros/foxy /usr/bin/cmake --build /home/pat/code/ohad_ros/dev_ws/src/ohad/build/ohad -- -j4 -l4
[1.946s] DEBUG:colcon.colcon_core.event_handler.log_command:Invoked command in '/home/pat/code/ohad_ros/dev_ws/src/ohad/build/ohad' returned '0': CMAKE_PREFIX_PATH=${CMAKE_PREFIX_PATH}:/opt/ros/foxy /usr/bin/cmake --build /home/pat/code/ohad_ros/dev_ws/src/ohad/build/ohad -- -j4 -l4
[1.988s] DEBUG:colcon.colcon_core.event_handler.log_command:Invoking command in '/home/pat/code/ohad_ros/dev_ws/src/ohad/build/ohad': CMAKE_PREFIX_PATH=${CMAKE_PREFIX_PATH}:/opt/ros/foxy /usr/bin/cmake --install /home/pat/code/ohad_ros/dev_ws/src/ohad/build/ohad
[3.149s] Level 1:colcon.colcon_core.environment:create_environment_scripts_only(ohad)
[3.150s] DEBUG:colcon.colcon_core.event_handler.log_command:Invoked command in '/home/pat/code/ohad_ros/dev_ws/src/ohad/build/ohad' returned '0': CMAKE_PREFIX_PATH=${CMAKE_PREFIX_PATH}:/opt/ros/foxy /usr/bin/cmake --install /home/pat/code/ohad_ros/dev_ws/src/ohad/build/ohad
[3.153s] Level 1:colcon.colcon_core.environment:checking '/home/pat/code/ohad_ros/dev_ws/src/ohad/install/ohad' for CMake module files
[3.154s] Level 1:colcon.colcon_core.environment:checking '/home/pat/code/ohad_ros/dev_ws/src/ohad/install/ohad' for CMake config files
[3.155s] Level 1:colcon.colcon_core.shell:create_environment_hook('ohad', 'cmake_prefix_path')
[3.156s] INFO:colcon.colcon_core.shell:Creating environment hook '/home/pat/code/ohad_ros/dev_ws/src/ohad/install/ohad/share/ohad/hook/cmake_prefix_path.ps1'
[3.157s] INFO:colcon.colcon_core.shell:Creating environment descriptor '/home/pat/code/ohad_ros/dev_ws/src/ohad/install/ohad/share/ohad/hook/cmake_prefix_path.dsv'
[3.157s] INFO:colcon.colcon_core.shell:Creating environment hook '/home/pat/code/ohad_ros/dev_ws/src/ohad/install/ohad/share/ohad/hook/cmake_prefix_path.sh'
[3.158s] Level 1:colcon.colcon_core.environment:checking '/home/pat/code/ohad_ros/dev_ws/src/ohad/install/ohad/bin'
[3.158s] Level 1:colcon.colcon_core.environment:checking '/home/pat/code/ohad_ros/dev_ws/src/ohad/install/ohad/lib/pkgconfig/ohad.pc'
[3.159s] Level 1:colcon.colcon_core.environment:checking '/home/pat/code/ohad_ros/dev_ws/src/ohad/install/ohad/lib/python3.8/site-packages'
[3.159s] Level 1:colcon.colcon_core.environment:checking '/home/pat/code/ohad_ros/dev_ws/src/ohad/install/ohad/bin'
[3.159s] INFO:colcon.colcon_core.shell:Creating package script '/home/pat/code/ohad_ros/dev_ws/src/ohad/install/ohad/share/ohad/package.ps1'
[3.160s] INFO:colcon.colcon_core.shell:Creating package descriptor '/home/pat/code/ohad_ros/dev_ws/src/ohad/install/ohad/share/ohad/package.dsv'
[3.161s] INFO:colcon.colcon_core.shell:Creating package script '/home/pat/code/ohad_ros/dev_ws/src/ohad/install/ohad/share/ohad/package.sh'
[3.161s] INFO:colcon.colcon_core.shell:Creating package script '/home/pat/code/ohad_ros/dev_ws/src/ohad/install/ohad/share/ohad/package.bash'
[3.162s] INFO:colcon.colcon_core.shell:Creating package script '/home/pat/code/ohad_ros/dev_ws/src/ohad/install/ohad/share/ohad/package.zsh'
[3.163s] Level 1:colcon.colcon_core.environment:create_file_with_runtime_dependencies(/home/pat/code/ohad_ros/dev_ws/src/ohad/install/ohad/share/colcon-core/packages/ohad)
[3.189s] Level 1:colcon.colcon_core.environment:create_environment_scripts_only(ohad)
[3.189s] Level 1:colcon.colcon_core.environment:checking '/home/pat/code/ohad_ros/dev_ws/src/ohad/install/ohad' for CMake module files
[3.190s] Level 1:colcon.colcon_core.environment:checking '/home/pat/code/ohad_ros/dev_ws/src/ohad/install/ohad' for CMake config files
[3.192s] Level 1:colcon.colcon_core.shell:create_environment_hook('ohad', 'cmake_prefix_path')
[3.192s] INFO:colcon.colcon_core.shell:Creating environment hook '/home/pat/code/ohad_ros/dev_ws/src/ohad/install/ohad/share/ohad/hook/cmake_prefix_path.ps1'
[3.192s] INFO:colcon.colcon_core.shell:Creating environment descriptor '/home/pat/code/ohad_ros/dev_ws/src/ohad/install/ohad/share/ohad/hook/cmake_prefix_path.dsv'
[3.193s] INFO:colcon.colcon_core.shell:Creating environment hook '/home/pat/code/ohad_ros/dev_ws/src/ohad/install/ohad/share/ohad/hook/cmake_prefix_path.sh'
[3.193s] Level 1:colcon.colcon_core.environment:checking '/home/pat/code/ohad_ros/dev_ws/src/ohad/install/ohad/bin'
[3.193s] Level 1:colcon.colcon_core.environment:checking '/home/pat/code/ohad_ros/dev_ws/src/ohad/install/ohad/lib/pkgconfig/ohad.pc'
[3.194s] Level 1:colcon.colcon_core.environment:checking '/home/pat/code/ohad_ros/dev_ws/src/ohad/install/ohad/lib/python3.8/site-packages'
[3.194s] Level 1:colcon.colcon_core.environment:checking '/home/pat/code/ohad_ros/dev_ws/src/ohad/install/ohad/bin'
[3.194s] INFO:colcon.colcon_core.shell:Creating package script '/home/pat/code/ohad_ros/dev_ws/src/ohad/install/ohad/share/ohad/package.ps1'
[3.195s] INFO:colcon.colcon_core.shell:Creating package descriptor '/home/pat/code/ohad_ros/dev_ws/src/ohad/install/ohad/share/ohad/package.dsv'
[3.196s] INFO:colcon.colcon_core.shell:Creating package script '/home/pat/code/ohad_ros/dev_ws/src/ohad/install/ohad/share/ohad/package.sh'
[3.196s] INFO:colcon.colcon_core.shell:Creating package script '/home/pat/code/ohad_ros/dev_ws/src/ohad/install/ohad/share/ohad/package.bash'
[3.197s] INFO:colcon.colcon_core.shell:Creating package script '/home/pat/code/ohad_ros/dev_ws/src/ohad/install/ohad/share/ohad/package.zsh'
[3.197s] Level 1:colcon.colcon_core.environment:create_file_with_runtime_dependencies(/home/pat/code/ohad_ros/dev_ws/src/ohad/install/ohad/share/colcon-core/packages/ohad)
[3.197s] DEBUG:colcon.colcon_parallel_executor.executor.parallel:closing loop
[3.198s] DEBUG:colcon.colcon_parallel_executor.executor.parallel:loop closed
[3.198s] DEBUG:colcon.colcon_parallel_executor.executor.parallel:run_until_complete finished with '0'
[3.198s] DEBUG:colcon.colcon_core.event_reactor:joining thread
[3.205s] INFO:colcon.colcon_core.plugin_system:Skipping extension 'colcon_notification.desktop_notification.terminal_notifier': Not used on non-Darwin systems
[3.205s] INFO:colcon.colcon_core.plugin_system:Skipping extension 'colcon_notification.desktop_notification.win32': Not used on non-Windows systems
[3.205s] INFO:colcon.colcon_notification.desktop_notification:Sending desktop notification using 'notify2'
[3.222s] DEBUG:colcon.colcon_core.event_reactor:joined thread
[3.222s] INFO:colcon.colcon_core.shell:Creating prefix script '/home/pat/code/ohad_ros/dev_ws/src/ohad/install/local_setup.ps1'
[3.223s] INFO:colcon.colcon_core.shell:Creating prefix util module '/home/pat/code/ohad_ros/dev_ws/src/ohad/install/_local_setup_util_ps1.py'
[3.224s] INFO:colcon.colcon_core.shell:Creating prefix chain script '/home/pat/code/ohad_ros/dev_ws/src/ohad/install/setup.ps1'
[3.226s] INFO:colcon.colcon_core.shell:Creating prefix script '/home/pat/code/ohad_ros/dev_ws/src/ohad/install/local_setup.sh'
[3.226s] INFO:colcon.colcon_core.shell:Creating prefix util module '/home/pat/code/ohad_ros/dev_ws/src/ohad/install/_local_setup_util_sh.py'
[3.227s] INFO:colcon.colcon_core.shell:Creating prefix chain script '/home/pat/code/ohad_ros/dev_ws/src/ohad/install/setup.sh'
[3.228s] INFO:colcon.colcon_core.shell:Creating prefix script '/home/pat/code/ohad_ros/dev_ws/src/ohad/install/local_setup.bash'
[3.229s] INFO:colcon.colcon_core.shell:Creating prefix chain script '/home/pat/code/ohad_ros/dev_ws/src/ohad/install/setup.bash'
[3.231s] INFO:colcon.colcon_core.shell:Creating prefix script '/home/pat/code/ohad_ros/dev_ws/src/ohad/install/local_setup.zsh'
[3.232s] INFO:colcon.colcon_core.shell:Creating prefix chain script '/home/pat/code/ohad_ros/dev_ws/src/ohad/install/setup.zsh'
